<?xml version="1.0" encoding="UTF-8"?>
<testng-results ignored="0" total="2" passed="0" failed="2" skipped="0">
  <reporter-output>
  </reporter-output>
  <suite started-at="2022-10-30T16:32:48Z" name="Suite" finished-at="2022-10-30T16:34:40Z" duration-ms="111897">
    <groups>
    </groups>
    <test started-at="2022-10-30T16:32:48Z" name="Test" finished-at="2022-10-30T16:34:40Z" duration-ms="111897">
      <class name="com.karan.orangehrm.tests.AddEmployeeTest">
        <test-method is-config="true" signature="setup()[pri:0, instance:com.karan.orangehrm.tests.AddEmployeeTest@75d3a5e0]" started-at="2022-10-30T16:32:49Z" name="setup" finished-at="2022-10-30T16:32:58Z" duration-ms="9709" status="PASS">
          <reporter-output>
          </reporter-output>
        </test-method> <!-- setup -->
        <test-method signature="addEmployeeTest(java.util.Map)[pri:0, instance:com.karan.orangehrm.tests.AddEmployeeTest@75d3a5e0]" started-at="2022-10-30T16:32:58Z" name="addEmployeeTest" description="To check whether the user can add new employee" finished-at="2022-10-30T16:33:45Z" duration-ms="46905" status="FAIL">
          <params>
            <param index="0">
              <value>
                <![CDATA[{fname=, password=admin123, browser=chrome, testname=addEmployeeTest, execute=Yes, version=100, menutext=, username=Admin}]]>
              </value>
            </param>
          </params>
          <exception class="org.junit.ComparisonFailure">
            <message>
              <![CDATA[
Expecting value to be true but was false expected:<[tru]e> but was:<[fals]e>]]>
            </message>
            <full-stacktrace>
              <![CDATA[org.junit.ComparisonFailure: 
Expecting value to be true but was false expected:<[tru]e> but was:<[fals]e>
at java.base/jdk.internal.reflect.DirectConstructorHandleAccessor.newInstance(DirectConstructorHandleAccessor.java:67)
at java.base/java.lang.reflect.Constructor.newInstanceWithCaller(Constructor.java:499)
at com.karan.orangehrm.tests.AddEmployeeTest.addEmployeeTest(AddEmployeeTest.java:42)
at java.base/jdk.internal.reflect.DirectMethodHandleAccessor.invoke(DirectMethodHandleAccessor.java:104)
at java.base/java.lang.reflect.Method.invoke(Method.java:577)
at org.testng.internal.MethodInvocationHelper.invokeMethod(MethodInvocationHelper.java:124)
at org.testng.internal.Invoker.invokeMethod(Invoker.java:583)
at org.testng.internal.Invoker.invokeTestMethod(Invoker.java:719)
at org.testng.internal.TestMethodWithDataProviderMethodWorker.call(TestMethodWithDataProviderMethodWorker.java:71)
at org.testng.internal.TestMethodWithDataProviderMethodWorker.call(TestMethodWithDataProviderMethodWorker.java:14)
at java.base/java.util.concurrent.FutureTask.run(FutureTask.java:264)
at java.base/java.util.concurrent.Executors$RunnableAdapter.call(Executors.java:539)
at java.base/java.util.concurrent.FutureTask.run(FutureTask.java:264)
at java.base/java.util.concurrent.ThreadPoolExecutor.runWorker(ThreadPoolExecutor.java:1136)
at java.base/java.util.concurrent.ThreadPoolExecutor$Worker.run(ThreadPoolExecutor.java:635)
at java.base/java.lang.Thread.run(Thread.java:833)
]]>
            </full-stacktrace>
          </exception> <!-- org.junit.ComparisonFailure -->
          <reporter-output>
          </reporter-output>
        </test-method> <!-- addEmployeeTest -->
        <test-method is-config="true" signature="tearDown()[pri:0, instance:com.karan.orangehrm.tests.AddEmployeeTest@75d3a5e0]" started-at="2022-10-30T16:33:46Z" name="tearDown" finished-at="2022-10-30T16:33:46Z" duration-ms="166" status="PASS">
          <reporter-output>
          </reporter-output>
        </test-method> <!-- tearDown -->
        <test-method is-config="true" signature="setup()[pri:0, instance:com.karan.orangehrm.tests.AddEmployeeTest@75d3a5e0]" started-at="2022-10-30T16:33:46Z" name="setup" finished-at="2022-10-30T16:33:53Z" duration-ms="6447" status="PASS">
          <reporter-output>
          </reporter-output>
        </test-method> <!-- setup -->
        <test-method signature="addEmployeeTest(java.util.Map)[pri:0, instance:com.karan.orangehrm.tests.AddEmployeeTest@75d3a5e0]" started-at="2022-10-30T16:33:53Z" name="addEmployeeTest" description="To check whether the user can add new employee" finished-at="2022-10-30T16:34:39Z" duration-ms="45916" status="FAIL">
          <params>
            <param index="0">
              <value>
                <![CDATA[{fname=, password=admin123, browser=chrome, testname=addEmployeeTest, execute=Yes, version=100, menutext=, username=Admin}]]>
              </value>
            </param>
          </params>
          <exception class="org.junit.ComparisonFailure">
            <message>
              <![CDATA[
Expecting value to be true but was false expected:<[tru]e> but was:<[fals]e>]]>
            </message>
            <full-stacktrace>
              <![CDATA[org.junit.ComparisonFailure: 
Expecting value to be true but was false expected:<[tru]e> but was:<[fals]e>
at java.base/jdk.internal.reflect.DirectConstructorHandleAccessor.newInstance(DirectConstructorHandleAccessor.java:67)
at java.base/java.lang.reflect.Constructor.newInstanceWithCaller(Constructor.java:499)
at com.karan.orangehrm.tests.AddEmployeeTest.addEmployeeTest(AddEmployeeTest.java:42)
at java.base/jdk.internal.reflect.DirectMethodHandleAccessor.invoke(DirectMethodHandleAccessor.java:104)
at java.base/java.lang.reflect.Method.invoke(Method.java:577)
at org.testng.internal.MethodInvocationHelper.invokeMethod(MethodInvocationHelper.java:124)
at org.testng.internal.Invoker.invokeMethod(Invoker.java:583)
at org.testng.internal.Invoker.invokeTestMethod(Invoker.java:719)
at org.testng.internal.TestMethodWithDataProviderMethodWorker.call(TestMethodWithDataProviderMethodWorker.java:71)
at org.testng.internal.TestMethodWithDataProviderMethodWorker.call(TestMethodWithDataProviderMethodWorker.java:14)
at java.base/java.util.concurrent.FutureTask.run(FutureTask.java:264)
at java.base/java.util.concurrent.Executors$RunnableAdapter.call(Executors.java:539)
at java.base/java.util.concurrent.FutureTask.run(FutureTask.java:264)
at java.base/java.util.concurrent.ThreadPoolExecutor.runWorker(ThreadPoolExecutor.java:1136)
at java.base/java.util.concurrent.ThreadPoolExecutor$Worker.run(ThreadPoolExecutor.java:635)
at java.base/java.lang.Thread.run(Thread.java:833)
]]>
            </full-stacktrace>
          </exception> <!-- org.junit.ComparisonFailure -->
          <reporter-output>
          </reporter-output>
        </test-method> <!-- addEmployeeTest -->
        <test-method is-config="true" signature="tearDown()[pri:0, instance:com.karan.orangehrm.tests.AddEmployeeTest@75d3a5e0]" started-at="2022-10-30T16:34:40Z" name="tearDown" finished-at="2022-10-30T16:34:40Z" duration-ms="145" status="PASS">
          <reporter-output>
          </reporter-output>
        </test-method> <!-- tearDown -->
      </class> <!-- com.karan.orangehrm.tests.AddEmployeeTest -->
    </test> <!-- Test -->
  </suite> <!-- Suite -->
</testng-results>
