<?xml version="1.0" encoding="UTF-8"?>
<testng-results ignored="0" total="2" passed="2" failed="0" skipped="0">
  <reporter-output>
  </reporter-output>
  <suite started-at="2022-10-08T18:31:22 IST" name="Suite" finished-at="2022-10-08T18:31:40 IST" duration-ms="17623">
    <groups>
    </groups>
    <test started-at="2022-10-08T18:31:22 IST" name="Test" finished-at="2022-10-08T18:31:40 IST" duration-ms="17623">
      <class name="com.karan.tests.FirstTest">
        <test-method is-config="true" signature="setup()[pri:0, instance:com.karan.tests.FirstTest@37ceb1df]" started-at="2022-10-08T18:31:22 IST" name="setup" finished-at="2022-10-08T18:31:32 IST" duration-ms="9504" status="PASS">
          <reporter-output>
          </reporter-output>
        </test-method> <!-- setup -->
        <test-method signature="f()[pri:0, instance:com.karan.tests.FirstTest@37ceb1df]" started-at="2022-10-08T18:31:32 IST" name="f" finished-at="2022-10-08T18:31:40 IST" duration-ms="7928" status="PASS">
          <reporter-output>
          </reporter-output>
        </test-method> <!-- f -->
        <test-method is-config="true" signature="tearDown()[pri:0, instance:com.karan.tests.FirstTest@37ceb1df]" started-at="2022-10-08T18:31:40 IST" name="tearDown" finished-at="2022-10-08T18:31:40 IST" duration-ms="156" status="PASS">
          <reporter-output>
          </reporter-output>
        </test-method> <!-- tearDown -->
      </class> <!-- com.karan.tests.FirstTest -->
      <class name="com.karan.tests.HomePageTest">
        <test-method is-config="true" signature="setup()[pri:0, instance:com.karan.tests.HomePageTest@399c4be1]" started-at="2022-10-08T18:31:22 IST" name="setup" finished-at="2022-10-08T18:31:32 IST" duration-ms="9528" status="PASS">
          <reporter-output>
          </reporter-output>
        </test-method> <!-- setup -->
        <test-method signature="f()[pri:0, instance:com.karan.tests.HomePageTest@399c4be1]" started-at="2022-10-08T18:31:32 IST" name="f" finished-at="2022-10-08T18:31:40 IST" duration-ms="7799" status="PASS">
          <reporter-output>
          </reporter-output>
        </test-method> <!-- f -->
        <test-method is-config="true" signature="tearDown()[pri:0, instance:com.karan.tests.HomePageTest@399c4be1]" started-at="2022-10-08T18:31:40 IST" name="tearDown" finished-at="2022-10-08T18:31:40 IST" duration-ms="210" status="PASS">
          <reporter-output>
          </reporter-output>
        </test-method> <!-- tearDown -->
      </class> <!-- com.karan.tests.HomePageTest -->
    </test> <!-- Test -->
  </suite> <!-- Suite -->
</testng-results>
